Fri, 23 Dec 2022 17:57:31 GMT | [33mINFO[39m | SERVER.log | Server running on port: 5000 | 
Fri, 23 Dec 2022 17:58:34 GMT | [33mINFO[39m | SERVER.log | Server running on port: 5000 | 
Fri, 23 Dec 2022 17:58:57 GMT | [33mINFO[39m | SERVER.log | Server running on port: 5000 | 
Fri, 23 Dec 2022 17:59:01 GMT | [33mINFO[39m | SERVER.log | Server running on port: 5000 | 
Fri, 23 Dec 2022 17:59:26 GMT | [33mINFO[39m | SERVER.log | Server running on port: 5000 | 
Fri, 23 Dec 2022 17:59:38 GMT | [33mINFO[39m | SERVER.log | Server running on port: 5000 | 
Fri, 23 Dec 2022 17:59:44 GMT | [33mINFO[39m | SERVER.log | MongoDB connected: cluster0-shard-00-01.1boei.mongodb.net | 
Fri, 23 Dec 2022 17:59:53 GMT | [33mINFO[39m | SERVER.log | Server running on port: 5000 | 
Fri, 23 Dec 2022 18:00:14 GMT | [33mINFO[39m | SERVER.log. | Server running on port: 5000 | 
Fri, 23 Dec 2022 18:00:15 GMT | [33mINFO[39m | SERVER.log | Server running on port: 5000 | 
Fri, 23 Dec 2022 18:00:25 GMT | [33mINFO[39m | SERVER.log | Server running on port: 5000 | 
Fri, 23 Dec 2022 18:00:51 GMT | [33mINFO[39m | undefined.log | Server running on port: 5000 | 
Fri, 23 Dec 2022 18:00:55 GMT | [33mINFO[39m | SERVER.log | Server running on port: 5000 | 
Fri, 23 Dec 2022 18:01:07 GMT | [33mINFO[39m | server.log | Server running on port: 5000 | 
Fri, 23 Dec 2022 18:01:26 GMT | [33mINFO[39m | SERVER.log | Server running on port: 5000 | 
Fri, 23 Dec 2022 18:01:32 GMT | [33mINFO[39m | undefined.log | Server running on port: 5000 | 
Fri, 23 Dec 2022 18:01:34 GMT | [33mINFO[39m | [33mSERVER[39m.log | Server running on port: 5000 | 
Fri, 23 Dec 2022 18:01:48 GMT | [33mINFO[39m | [33mSERVER[39m.log | Server running on port: 5000 | 
Fri, 23 Dec 2022 19:32:16 GMT | [33mINFO[39m | [33mSERVER[39m.log | Server running on port: 5000 | 
Fri, 23 Dec 2022 19:35:18 GMT | [33mINFO[39m | [33mSERVER[39m.log | Server running on port: 5000 | 
Fri, 23 Dec 2022 19:35:35 GMT | [33mINFO[39m | [33mSERVER[39m.log | Server running on port: 5000 | 
Fri, 23 Dec 2022 19:35:36 GMT | [33mINFO[39m | [33mSERVER[39m.log | Server running on port: 5000 | 
Fri, 23 Dec 2022 19:35:41 GMT | [33mINFO[39m | [33mSERVER[39m.log | Server running on port: 5000 | 
Fri, 23 Dec 2022 19:35:46 GMT | [33mINFO[39m | [33mSERVER[39m.log | Server running on port: 5000 | 
Fri, 23 Dec 2022 19:35:53 GMT | [33mINFO[39m | [33mSERVER[39m.log | Server running on port: 5000 | 
Fri, 23 Dec 2022 19:36:02 GMT | [33mINFO[39m | [33mSERVER[39m.log | Server running on port: 5000 | 
Fri, 23 Dec 2022 19:36:15 GMT | [33mINFO[39m | [33mSERVER[39m.log | Server running on port: 5000 | 
Fri, 23 Dec 2022 19:36:38 GMT | [33mINFO[39m | [33mSERVER[39m.log | Server running on port: 5000 | 
Fri, 23 Dec 2022 19:36:42 GMT | [33mINFO[39m | [33mSERVER[39m.log | Server running on port: 5000 | 
Fri, 23 Dec 2022 19:36:50 GMT | [33mINFO[39m | [33mSERVER[39m.log | Server running on port: 5000 | 
Fri, 23 Dec 2022 19:37:25 GMT | [33mINFO[39m | [33mSERVER[39m.log | Server running on port: 5000 | 
Fri, 23 Dec 2022 19:37:29 GMT | [33mINFO[39m | [33mSERVER[39m.log | Server running on port: 5000 | 
Fri, 23 Dec 2022 19:37:48 GMT | [33mINFO[39m | [33mSERVER[39m.log | Server running on port: 5000 | 
Fri, 23 Dec 2022 19:38:06 GMT | [33mINFO[39m | [33mSERVER[39m.log | Server running on port: 5000 | 
Fri, 23 Dec 2022 19:38:14 GMT | [33mINFO[39m | [33mSERVER[39m.log | Server running on port: 5000 | 
Fri, 23 Dec 2022 19:38:17 GMT | [33mINFO[39m | [33mSERVER[39m.log | Server running on port: 5000 | 
Fri, 23 Dec 2022 19:49:19 GMT | [33mINFO[39m | [33mSERVER[39m.log | Server running on port: 5000 | 
Fri, 23 Dec 2022 19:49:30 GMT | [33mINFO[39m | [33mSERVER[39m.log | Server running on port: 5000 | 
Fri, 23 Dec 2022 19:49:46 GMT | [33mINFO[39m | [33mSERVER[39m.log | Server running on port: 5000 | 
Fri, 23 Dec 2022 19:50:00 GMT | [33mINFO[39m | [33mSERVER[39m.log | Server running on port: 5000 | 
Fri, 23 Dec 2022 19:50:23 GMT | [33mINFO[39m | [33mSERVER[39m.log | Server running on port: 5000 | 
Fri, 23 Dec 2022 19:50:28 GMT | [33mINFO[39m | [33mSERVER[39m.log | Server running on port: 5000 | 
Fri, 23 Dec 2022 19:50:36 GMT | [33mINFO[39m | [33mSERVER[39m.log | Server running on port: 5000 | 
Fri, 23 Dec 2022 19:50:39 GMT | [33mINFO[39m | [33mSERVER[39m.log | Server running on port: 5000 | 
Fri, 23 Dec 2022 19:50:49 GMT | [33mINFO[39m | [33mSERVER[39m.log | Server running on port: 5000 | 
Fri, 23 Dec 2022 19:50:54 GMT | [33mINFO[39m | [33mSERVER[39m.log | Server running on port: 5000 | 
Fri, 23 Dec 2022 19:51:00 GMT | [33mINFO[39m | [33mSERVER[39m.log | Server running on port: 5000 | 
Fri, 23 Dec 2022 19:51:27 GMT | [33mINFO[39m | [33mSERVER[39m.log | Server running on port: 5000 | 
Fri, 23 Dec 2022 19:51:34 GMT | [33mINFO[39m | [33mSERVER[39m.log | Server running on port: 5000 | 
Fri, 23 Dec 2022 19:51:39 GMT | [33mINFO[39m | [33mSERVER[39m.log | Server running on port: 5000 | 
Fri, 23 Dec 2022 19:51:47 GMT | [33mINFO[39m | [33mSERVER[39m.log | Server running on port: 5000 | 
Fri, 23 Dec 2022 19:51:51 GMT | [33mINFO[39m | [33mSERVER[39m.log | Server running on port: 5000 | 
Fri, 23 Dec 2022 19:51:58 GMT | [33mINFO[39m | [33mSERVER[39m.log | Server running on port: 5000 | 
Fri, 23 Dec 2022 19:52:33 GMT | [33mINFO[39m | [33mSERVER[39m.log | Server running on port: 5000 | 
Fri, 23 Dec 2022 19:52:42 GMT | [33mINFO[39m | [33mSERVER[39m.log | Server running on port: 5000 | 
Fri, 23 Dec 2022 19:52:54 GMT | [33mINFO[39m | [33mSERVER[39m.log | Server running on port: 5000 | 
Fri, 23 Dec 2022 19:53:00 GMT | [33mINFO[39m | [33mSERVER[39m.log | Server running on port: 5000 | 
Fri, 23 Dec 2022 19:53:10 GMT | [33mINFO[39m | [33mSERVER[39m.log | Server running on port: 5000 | 
Fri, 23 Dec 2022 19:53:17 GMT | [33mINFO[39m | [33mSERVER[39m.log | Server running on port: 5000 | 
Fri, 23 Dec 2022 19:54:25 GMT | [33mINFO[39m | [33mSERVER[39m.log | Server running on port: 5000 | 
Fri, 23 Dec 2022 19:54:27 GMT | [33mINFO[39m | [33mSERVER[39m.log | Server running on port: 5000 | 
Fri, 23 Dec 2022 19:54:34 GMT | [33mINFO[39m | [33mSERVER[39m.log | Server running on port: 5000 | 
Fri, 23 Dec 2022 19:54:36 GMT | [33mINFO[39m | [33mSERVER[39m.log | Server running on port: 5000 | 
Fri, 23 Dec 2022 19:55:33 GMT | [33mINFO[39m | [33mSERVER[39m.log | Server running on port: 5000 | 
Fri, 23 Dec 2022 19:55:35 GMT | [33mINFO[39m | [33mSERVER[39m.log | Server running on port: 5000 | 
Fri, 23 Dec 2022 19:55:51 GMT | [33mINFO[39m | [33mSERVER[39m.log | Server running on port: 5000 | 
Fri, 23 Dec 2022 19:55:52 GMT | [33mINFO[39m | [33mSERVER[39m.log | Server running on port: 5000 | 
Fri, 23 Dec 2022 19:55:55 GMT | [33mINFO[39m | [33mSERVER[39m.log | Server running on port: 5000 | 
Fri, 23 Dec 2022 19:55:57 GMT | [33mINFO[39m | [33mSERVER[39m.log | Server running on port: 5000 | 
Fri, 23 Dec 2022 19:55:59 GMT | [33mINFO[39m | [33mSERVER[39m.log | Server running on port: 5000 | 
Fri, 23 Dec 2022 19:56:03 GMT | [33mINFO[39m | [33mSERVER[39m.log | Server running on port: 5000 | 
Fri, 23 Dec 2022 19:56:07 GMT | [33mINFO[39m | [33mSERVER[39m.log | Server running on port: 5000 | 
Fri, 23 Dec 2022 19:56:13 GMT | [33mINFO[39m | [33mSERVER[39m.log | Server running on port: 5000 | 
Fri, 23 Dec 2022 19:56:15 GMT | [33mINFO[39m | [33mSERVER[39m.log | Server running on port: 5000 | 
Fri, 23 Dec 2022 19:56:20 GMT | [33mINFO[39m | [33mSERVER[39m.log | Server running on port: 5000 | 
Fri, 23 Dec 2022 19:56:22 GMT | [33mINFO[39m | [33mSERVER[39m.log | Server running on port: 5000 | 
Fri, 23 Dec 2022 19:56:25 GMT | [33mINFO[39m | [33mSERVER[39m.log | Server running on port: 5000 | 
Fri, 23 Dec 2022 19:56:29 GMT | [33mINFO[39m | [33mSERVER[39m.log | Server running on port: 5000 | 
Fri, 23 Dec 2022 19:56:31 GMT | [33mINFO[39m | [33mSERVER[39m.log | Server running on port: 5000 | 
Fri, 23 Dec 2022 19:56:36 GMT | [33mINFO[39m | [33mSERVER[39m.log | Server running on port: 5000 | 
Fri, 23 Dec 2022 19:56:45 GMT | [33mINFO[39m | [33mSERVER[39m.log | Server running on port: 5000 | 
Fri, 23 Dec 2022 19:56:52 GMT | [33mINFO[39m | [33mSERVER[39m.log | Server running on port: 5000 | 
Fri, 23 Dec 2022 19:56:58 GMT | [33mINFO[39m | [33mSERVER[39m.log | Server running on port: 5000 | 
Fri, 23 Dec 2022 19:57:04 GMT | [33mINFO[39m | [33mSERVER[39m.log | Server running on port: 5000 | 
Fri, 23 Dec 2022 19:57:11 GMT | [33mINFO[39m | [33mSERVER[39m.log | Server running on port: 5000 | 
Fri, 23 Dec 2022 19:57:12 GMT | [33mINFO[39m | [33mSERVER[39m.log | Server running on port: 5000 | 
Fri, 23 Dec 2022 19:57:17 GMT | [33mINFO[39m | [33mSERVER[39m.log | Server running on port: 5000 | 
Fri, 23 Dec 2022 19:57:21 GMT | [33mINFO[39m | [33mSERVER[39m.log | Server running on port: 5000 | 
Fri, 23 Dec 2022 19:57:23 GMT | [33mINFO[39m | [33mSERVER[39m.log | Server running on port: 5000 | 
Fri, 23 Dec 2022 19:57:24 GMT | [33mINFO[39m | [33mSERVER[39m.log | Server running on port: 5000 | 
Fri, 23 Dec 2022 19:57:30 GMT | [33mINFO[39m | [33mSERVER[39m.log | Server running on port: 5000 | 
Fri, 23 Dec 2022 19:57:57 GMT | [33mINFO[39m | [33mSERVER[39m.log | Server running on port: 5000 | 
Fri, 23 Dec 2022 19:58:11 GMT | [33mINFO[39m | [33mSERVER[39m.log | Server running on port: 5000 | 
Fri, 23 Dec 2022 19:58:13 GMT | [33mINFO[39m | [33mSERVER[39m.log | Server running on port: 5000 | 
Fri, 23 Dec 2022 19:58:18 GMT | [33mINFO[39m | [33mSERVER[39m.log | Server running on port: 5000 | 
Fri, 23 Dec 2022 19:58:20 GMT | [33mINFO[39m | [33mSERVER[39m.log | Server running on port: 5000 | 
Fri, 23 Dec 2022 19:58:22 GMT | [33mINFO[39m | [33mSERVER[39m.log | Server running on port: 5000 | 
Fri, 23 Dec 2022 19:58:25 GMT | [33mINFO[39m | [33mSERVER[39m.log | Server running on port: 5000 | 
Fri, 23 Dec 2022 19:58:48 GMT | [33mINFO[39m | [33mSERVER[39m.log | Server running on port: 5000 | 
Fri, 23 Dec 2022 19:58:49 GMT | [33mINFO[39m | [33mSERVER[39m.log | Server running on port: 5000 | 
Fri, 23 Dec 2022 19:58:52 GMT | [33mINFO[39m | [33mSERVER[39m.log | Server running on port: 5000 | 
Fri, 23 Dec 2022 19:58:55 GMT | [33mINFO[39m | [33mSERVER[39m.log | Server running on port: 5000 | 
Fri, 23 Dec 2022 19:59:03 GMT | [33mINFO[39m | [33mSERVER[39m.log | Server running on port: 5000 | 
Fri, 23 Dec 2022 19:59:07 GMT | [33mINFO[39m | [33mSERVER[39m.log | Server running on port: 5000 | 
Fri, 23 Dec 2022 19:59:08 GMT | [33mINFO[39m | [33mSERVER[39m.log | Server running on port: 5000 | 
Fri, 23 Dec 2022 19:59:11 GMT | [33mINFO[39m | [33mSERVER[39m.log | Server running on port: 5000 | 
Fri, 23 Dec 2022 19:59:16 GMT | [33mINFO[39m | [33mSERVER[39m.log | Server running on port: 5000 | 
Fri, 23 Dec 2022 19:59:19 GMT | [33mINFO[39m | [33mSERVER[39m.log | Server running on port: 5000 | 
Fri, 23 Dec 2022 19:59:22 GMT | [33mINFO[39m | [33mSERVER[39m.log | Server running on port: 5000 | 
Fri, 23 Dec 2022 19:59:27 GMT | [33mINFO[39m | [33mSERVER[39m.log | Server running on port: 5000 | 
Fri, 23 Dec 2022 19:59:31 GMT | [33mINFO[39m | [33mSERVER[39m.log | Server running on port: 5000 | 
Fri, 23 Dec 2022 19:59:40 GMT | [33mINFO[39m | [33mSERVER[39m.log | Server running on port: 5000 | 
Fri, 23 Dec 2022 19:59:44 GMT | [33mINFO[39m | [33mSERVER[39m.log | Server running on port: 5000 | 
Fri, 23 Dec 2022 19:59:46 GMT | [33mINFO[39m | [33mSERVER[39m.log | Server running on port: 5000 | 
Fri, 23 Dec 2022 19:59:55 GMT | [33mINFO[39m | [33mSERVER[39m.log | Server running on port: 5000 | 
Fri, 23 Dec 2022 19:59:58 GMT | [33mINFO[39m | [33mSERVER[39m.log | Server running on port: 5000 | 
Fri, 23 Dec 2022 20:00:17 GMT | [33mINFO[39m | [33mSERVER[39m.log | Server running on port: 5000 | 
Fri, 23 Dec 2022 20:00:20 GMT | [33mINFO[39m | [33mSERVER[39m.log | Server running on port: 5000 | 
Fri, 23 Dec 2022 20:00:22 GMT | [33mINFO[39m | [33mSERVER[39m.log | Server running on port: 5000 | 
Fri, 23 Dec 2022 20:00:29 GMT | [33mINFO[39m | [33mSERVER[39m.log | Server running on port: 5000 | 
Fri, 23 Dec 2022 20:00:30 GMT | [33mINFO[39m | [33mSERVER[39m.log | Server running on port: 5000 | 
Fri, 23 Dec 2022 20:00:47 GMT | [33mINFO[39m | [33mSERVER[39m.log | Server running on port: 5000 | 
Fri, 23 Dec 2022 20:00:52 GMT | [33mINFO[39m | [33mSERVER[39m.log | Server running on port: 5000 | 
Fri, 23 Dec 2022 20:01:29 GMT | [33mINFO[39m | [33mSERVER[39m.log | Server running on port: 5000 | 
Fri, 23 Dec 2022 20:01:42 GMT | [33mINFO[39m | [33mSERVER[39m.log | Server running on port: 5000 | 
Fri, 23 Dec 2022 20:01:45 GMT | [33mINFO[39m | [33mSERVER[39m.log | Server running on port: 5000 | 
Fri, 23 Dec 2022 20:01:55 GMT | [33mINFO[39m | [33mSERVER[39m.log | Server running on port: 5000 | 
Fri, 23 Dec 2022 20:01:59 GMT | [33mINFO[39m | [33mSERVER[39m.log | Server running on port: 5000 | 
Fri, 23 Dec 2022 20:04:05 GMT | [33mINFO[39m | [33mSERVER[39m.log | Server running on port: 5000 | 
